To https://github.com/Tabaza/crypto-trader-logs.git
 ! [rejected]        main -> main (fetch first)
error: failed to push some refs to 'https://github.com/Tabaza/crypto-trader-logs.git'
hint: Updates were rejected because the remote contains work that you do not
hint: have locally. This is usually caused by another repository pushing to
hint: the same ref. If you want to integrate the remote changes, use
hint: 'git pull' before pushing again.
hint: See the 'Note about fast-forwards' in 'git push --help' for details.
⚠️ Push failed - check GitHub token
✅ Logs exported to GitHub successfully
✅ Export complete: /tmp/crypto-trader-logs/latest-scan.log
✅ Monitoring: /tmp/crypto-trader-logs/monitoring-status.log
To https://github.com/Tabaza/crypto-trader-logs.git
 ! [rejected]        main -> main (fetch first)
error: failed to push some refs to 'https://github.com/Tabaza/crypto-trader-logs.git'
hint: Updates were rejected because the remote contains work that you do not
hint: have locally. This is usually caused by another repository pushing to
hint: the same ref. If you want to integrate the remote changes, use
hint: 'git pull' before pushing again.
hint: See the 'Note about fast-forwards' in 'git push --help' for details.
⚠️ Push failed - check GitHub token
✅ Logs exported to GitHub successfully
✅ Export complete: /tmp/crypto-trader-logs/latest-scan.log
✅ Monitoring: /tmp/crypto-trader-logs/monitoring-status.log
