==================================================
Crypto Trader Log Export - 2025-10-21 17:00:01
==================================================

📊 LATEST SCAN (last 200 lines)
---------------------------------------------------
Oct 21 16:47:53 vmi2858748 npm[139040]: WebSocket connected for AVAX/USDT
Oct 21 16:47:53 vmi2858748 npm[139040]: WebSocket connected for DOGE/USDT
Oct 21 16:47:53 vmi2858748 npm[139040]: WebSocket connected for MKR/USDT
Oct 21 16:47:53 vmi2858748 npm[139040]: WebSocket connected for ICP/USDT
Oct 21 16:47:53 vmi2858748 npm[139040]: WebSocket connected for COMP/USDT
Oct 21 16:47:53 vmi2858748 npm[139040]: WebSocket connected for FIL/USDT
Oct 21 16:47:53 vmi2858748 npm[139040]: WebSocket connected for NEO/USDT
Oct 21 16:47:53 vmi2858748 npm[139040]: WebSocket connected for BTC/USDT
Oct 21 16:47:53 vmi2858748 npm[139040]: WebSocket connected for LDO/USDT
Oct 21 16:47:53 vmi2858748 npm[139040]: WebSocket connected for DOT/USDT
Oct 21 16:47:53 vmi2858748 npm[139040]: WebSocket connected for ENA/USDT
Oct 21 16:47:53 vmi2858748 npm[139040]: WebSocket connected for NEIRO/USDT
Oct 21 16:47:53 vmi2858748 npm[139040]: WebSocket connected for AXS/USDT
Oct 21 16:47:53 vmi2858748 npm[139040]: WebSocket connected for INJ/USDT
Oct 21 16:47:53 vmi2858748 npm[139040]: WebSocket connected for BONK/USDT
Oct 21 16:47:53 vmi2858748 npm[139040]: WebSocket connected for PNUT/USDT
Oct 21 16:47:53 vmi2858748 npm[139040]: WebSocket connected for NEAR/USDT
Oct 21 16:47:53 vmi2858748 npm[139040]: WebSocket connected for OP/USDT
Oct 21 16:47:53 vmi2858748 npm[139040]: WebSocket connected for JUP/USDT
Oct 21 16:47:53 vmi2858748 npm[139040]: WebSocket connected for PEPE/USDT
Oct 21 16:47:53 vmi2858748 npm[139040]: WebSocket connected for FLOKI/USDT
Oct 21 16:47:53 vmi2858748 npm[139040]: WebSocket connected for TIA/USDT
Oct 21 16:47:53 vmi2858748 npm[139040]: WebSocket connected for FET/USDT
Oct 21 16:47:53 vmi2858748 npm[139040]: WebSocket connected for RAY/USDT
Oct 21 16:47:53 vmi2858748 npm[139040]: WebSocket connected for LINK/USDT
Oct 21 16:47:53 vmi2858748 npm[139040]: WebSocket connected for QTUM/USDT
Oct 21 16:47:53 vmi2858748 npm[139040]: WebSocket connected for RENDER/USDT
Oct 21 16:47:53 vmi2858748 npm[139040]: WebSocket connected for BOME/USDT
Oct 21 16:47:53 vmi2858748 npm[139040]: WebSocket connected for SAND/USDT
Oct 21 16:47:53 vmi2858748 npm[139040]: WebSocket connected for ORDI/USDT
Oct 21 16:47:53 vmi2858748 npm[139040]: WebSocket connected for IMX/USDT
Oct 21 16:47:53 vmi2858748 npm[139040]: WebSocket connected for MATIC/USDT
Oct 21 16:47:53 vmi2858748 npm[139040]: WebSocket connected for MANA/USDT
Oct 21 16:47:53 vmi2858748 npm[139040]: WebSocket connected for STX/USDT
Oct 21 16:47:53 vmi2858748 npm[139040]: WebSocket connected for SUI/USDT
Oct 21 16:47:53 vmi2858748 npm[139040]: WebSocket connected for SEI/USDT
Oct 21 16:47:53 vmi2858748 npm[139040]: WebSocket connected for XLM/USDT
Oct 21 16:47:53 vmi2858748 npm[139040]: WebSocket connected for WLD/USDT
Oct 21 16:47:53 vmi2858748 npm[139040]: WebSocket connected for RUNE/USDT
Oct 21 16:47:53 vmi2858748 npm[139040]: WebSocket connected for TRX/USDT
Oct 21 16:47:53 vmi2858748 npm[139040]: WebSocket connected for XRP/USDT
Oct 21 16:47:53 vmi2858748 npm[139040]: WebSocket connected for TON/USDT
Oct 21 16:47:53 vmi2858748 npm[139040]: WebSocket connected for WIF/USDT
Oct 21 16:47:53 vmi2858748 npm[139040]: WebSocket connected for SHIB/USDT
Oct 21 16:47:53 vmi2858748 npm[139040]: WebSocket connected for VET/USDT
Oct 21 16:47:53 vmi2858748 npm[139040]: WebSocket connected for ZEC/USDT
Oct 21 16:47:53 vmi2858748 npm[139040]: WebSocket connected for UNI/USDT
Oct 21 16:47:53 vmi2858748 npm[139040]: WebSocket connected for THETA/USDT
Oct 21 16:47:53 vmi2858748 npm[139040]: WebSocket connected for S/USDT
Oct 21 16:47:53 vmi2858748 npm[139040]: WebSocket connected for ZIL/USDT
Oct 21 16:47:53 vmi2858748 npm[139040]: [PERF] getActiveTrades() query: 30ms (4 rows)
Oct 21 16:47:54 vmi2858748 npm[139040]: ⏳ SHIB/USDT LONG: Price $0.00001022 | TP: $0.00001054 | SL: $0.00000964
Oct 21 16:47:54 vmi2858748 npm[139040]: ⏳ RENDER/USDT LONG: Price $2.57 | TP: $2.61 | SL: $2.43
Oct 21 16:47:54 vmi2858748 npm[139040]: ⏳ PNUT/USDT LONG: Price $0.1405 | TP: $0.1443 | SL: $0.1319
Oct 21 16:47:54 vmi2858748 npm[139040]: ⏳ NEAR/USDT LONG: Price $2.29 | TP: $2.33 | SL: $2.17
Oct 21 16:47:54 vmi2858748 npm[139040]: ⏳ GALA/USDT LONG: Price $0.0114 | TP: $0.0116 | SL: $0.0108
Oct 21 16:47:54 vmi2858748 npm[139040]: ⏳ DASH/USDT LONG: Price $46.49 | TP: $48.07 | SL: $44.83
Oct 21 16:47:54 vmi2858748 npm[139040]: ⏳ BOME/USDT SHORT: Price $0.001102 | TP: $0.001007 | SL: $0.001102
Oct 21 16:48:21 vmi2858748 npm[139040]: [PERF] getActiveTrades() query: 17868ms (4 rows)
Oct 21 16:49:43 vmi2858748 npm[139040]: [PERF] getActiveTrades() query: 72111ms (4 rows)
Oct 21 16:51:11 vmi2858748 npm[139040]: 📊 Monitoring 7 active signals (REST 1-min check)...
Oct 21 16:52:38 vmi2858748 npm[139040]: WebSocket closed for BTC/USDT, reconnecting...
Oct 21 16:52:44 vmi2858748 npm[139040]: WebSocket closed for ETH/USDT, reconnecting...
Oct 21 16:52:44 vmi2858748 npm[139040]: WebSocket connected for BTC/USDT
Oct 21 16:52:50 vmi2858748 npm[139040]: WebSocket connected for ETH/USDT
Oct 21 16:52:53 vmi2858748 npm[139040]: WebSocket closed for FLOKI/USDT, reconnecting...
Oct 21 16:52:59 vmi2858748 npm[139040]: WebSocket connected for FLOKI/USDT
Oct 21 16:53:42 vmi2858748 npm[139040]: WebSocket closed for SOL/USDT, reconnecting...
Oct 21 16:53:48 vmi2858748 npm[139040]: WebSocket connected for SOL/USDT
Oct 21 16:54:47 vmi2858748 npm[139040]: [PERF] getActiveTrades() query: 293850ms (4 rows)
Oct 21 16:57:23 vmi2858748 npm[139040]: <--- Last few GCs --->
Oct 21 16:57:23 vmi2858748 npm[139040]: [139040:0x41f86f60]   576405 ms: Scavenge 4039.0 (4133.1) -> 4034.4 (4134.6) MB, 38.30 / 0.00 ms  (average mu = 0.666, current mu = 0.572) task;
Oct 21 16:57:23 vmi2858748 npm[139040]: [139040:0x41f86f60]   576499 ms: Scavenge 4040.5 (4134.6) -> 4035.3 (4134.9) MB, 37.87 / 0.00 ms  (average mu = 0.666, current mu = 0.572) task;
Oct 21 16:57:23 vmi2858748 npm[139040]: [139040:0x41f86f60]   576586 ms: Scavenge 4040.7 (4134.9) -> 4036.1 (4151.9) MB, 28.10 / 0.00 ms  (average mu = 0.666, current mu = 0.572) task;
Oct 21 16:57:23 vmi2858748 npm[139040]: <--- JS stacktrace --->
Oct 21 16:57:23 vmi2858748 npm[139040]: FATAL ERROR: Reached heap limit Allocation failed - JavaScript heap out of memory
Oct 21 16:57:23 vmi2858748 npm[139040]: ----- Native stack trace -----
Oct 21 16:57:23 vmi2858748 npm[139040]:  1: 0xb76dc5 node::OOMErrorHandler(char const*, v8::OOMDetails const&) [node]
Oct 21 16:57:23 vmi2858748 npm[139040]:  2: 0xee6020 v8::Utils::ReportOOMFailure(v8::internal::Isolate*, char const*, v8::OOMDetails const&) [node]
Oct 21 16:57:23 vmi2858748 npm[139040]:  3: 0xee6307 v8::internal::V8::FatalProcessOutOfMemory(v8::internal::Isolate*, char const*, v8::OOMDetails const&) [node]
Oct 21 16:57:23 vmi2858748 npm[139040]:  4: 0x10f7f55  [node]
Oct 21 16:57:23 vmi2858748 npm[139040]:  5: 0x110fdd8 v8::internal::Heap::CollectGarbage(v8::internal::AllocationSpace, v8::internal::GarbageCollectionReason, v8::GCCallbackFlags) [node]
Oct 21 16:57:23 vmi2858748 npm[139040]:  6: 0x11689ac v8::internal::MinorGCJob::Task::RunInternal() [node]
Oct 21 16:57:23 vmi2858748 npm[139040]:  7: 0xd309b6  [node]
Oct 21 16:57:23 vmi2858748 npm[139040]:  8: 0xd33f5f node::PerIsolatePlatformData::FlushForegroundTasksInternal() [node]
Oct 21 16:57:23 vmi2858748 npm[139040]:  9: 0x18a7183  [node]
Oct 21 16:57:23 vmi2858748 npm[139040]: 10: 0x18bbbfb  [node]
Oct 21 16:57:23 vmi2858748 npm[139040]: 11: 0x18a7ea7 uv_run [node]
Oct 21 16:57:23 vmi2858748 npm[139040]: 12: 0xbb9be6 node::SpinEventLoopInternal(node::Environment*) [node]
Oct 21 16:57:23 vmi2858748 npm[139040]: 13: 0xd048c1 node::NodeMainInstance::Run() [node]
Oct 21 16:57:23 vmi2858748 npm[139040]: 14: 0xc6652f node::Start(int, char**) [node]
Oct 21 16:57:23 vmi2858748 npm[139040]: 15: 0x7c20d702a1ca  [/lib/x86_64-linux-gnu/libc.so.6]
Oct 21 16:57:23 vmi2858748 npm[139040]: 16: 0x7c20d702a28b __libc_start_main [/lib/x86_64-linux-gnu/libc.so.6]
Oct 21 16:57:23 vmi2858748 npm[139040]: 17: 0xbb614e _start [node]
Oct 21 16:57:24 vmi2858748 npm[139039]: Aborted (core dumped)
Oct 21 16:57:24 vmi2858748 systemd[1]: crypto-trader.service: Main process exited, code=exited, status=134/n/a
Oct 21 16:57:24 vmi2858748 systemd[1]: crypto-trader.service: Failed with result 'exit-code'.
Oct 21 16:57:24 vmi2858748 systemd[1]: crypto-trader.service: Consumed 14min 57.229s CPU time.
Oct 21 16:57:34 vmi2858748 systemd[1]: crypto-trader.service: Scheduled restart job, restart counter is at 9.
Oct 21 16:57:34 vmi2858748 systemd[1]: Started crypto-trader.service - AI Crypto Trader Application.
Oct 21 16:57:35 vmi2858748 npm[139153]: > rest-express@1.0.0 start
Oct 21 16:57:35 vmi2858748 npm[139153]: > NODE_ENV=production node dist/index.js
Oct 21 16:57:36 vmi2858748 npm[139165]: 💾 Using PostgreSQL database storage
Oct 21 16:57:36 vmi2858748 npm[139165]: 📚 Registering trading strategies...
Oct 21 16:57:36 vmi2858748 npm[139165]: ✅ Strategy registered: Fast Momentum Gap (momentum-gap)
Oct 21 16:57:36 vmi2858748 npm[139165]: ✅ Strategy registered: RSI Divergence (rsi-divergence)
Oct 21 16:57:36 vmi2858748 npm[139165]: ✅ Strategy registered: VWAP Sigma (vwap-sigma)
Oct 21 16:57:36 vmi2858748 npm[139165]: ✅ 3 strategies registered
Oct 21 16:57:36 vmi2858748 npm[139165]: Initializing symbols from Binance...
Oct 21 16:57:39 vmi2858748 npm[139165]: ✅ Loaded 67/67 symbols from Binance SPOT
Oct 21 16:57:39 vmi2858748 npm[139165]: Loading 67 symbols from Binance SPOT market...
Oct 21 16:57:39 vmi2858748 npm[139165]: ✅ 67 symbols initialized successfully from Binance SPOT
Oct 21 16:57:39 vmi2858748 npm[139165]: [PERF] Symbols query: 4ms (68 rows)
Oct 21 16:57:39 vmi2858748 npm[139165]: [PERF] Trade stats query: 5ms
Oct 21 16:57:39 vmi2858748 npm[139165]: [PERF] MIDAS window query: 25ms
Oct 21 16:57:39 vmi2858748 npm[139165]: [PERF] getSymbols() TOTAL: 51ms
Oct 21 16:57:39 vmi2858748 npm[139165]: Starting WebSocket for 68 symbols...
Oct 21 16:57:39 vmi2858748 npm[139165]: WebSocket streams initialized
Oct 21 16:57:39 vmi2858748 npm[139165]: ⏰ Signal scheduler will start at next 15-min boundary (15:01 UTC, in 200 seconds)
Oct 21 16:57:39 vmi2858748 npm[139165]: 4:57:39 PM [express] serving on port 5000
Oct 21 16:57:39 vmi2858748 npm[139165]: 🚀 Starting REST polling monitor (1-minute checks)...
Oct 21 16:57:39 vmi2858748 npm[139165]: 📊 Monitoring 7 active signals (REST 1-min check)...
Oct 21 16:57:40 vmi2858748 npm[139165]: WebSocket connected for COMP/USDT
Oct 21 16:57:40 vmi2858748 npm[139165]: WebSocket connected for CHZ/USDT
Oct 21 16:57:40 vmi2858748 npm[139165]: WebSocket connected for PEPE/USDT
Oct 21 16:57:40 vmi2858748 npm[139165]: WebSocket connected for RENDER/USDT
Oct 21 16:57:40 vmi2858748 npm[139165]: WebSocket connected for ETH/USDT
Oct 21 16:57:40 vmi2858748 npm[139165]: WebSocket connected for ADA/USDT
Oct 21 16:57:40 vmi2858748 npm[139165]: WebSocket connected for ORDI/USDT
Oct 21 16:57:40 vmi2858748 npm[139165]: WebSocket connected for TIA/USDT
Oct 21 16:57:40 vmi2858748 npm[139165]: WebSocket connected for BOME/USDT
Oct 21 16:57:40 vmi2858748 npm[139165]: WebSocket connected for SAND/USDT
Oct 21 16:57:40 vmi2858748 npm[139165]: WebSocket connected for ATOM/USDT
Oct 21 16:57:40 vmi2858748 npm[139165]: WebSocket connected for BTC/USDT
Oct 21 16:57:40 vmi2858748 npm[139165]: WebSocket connected for ARB/USDT
Oct 21 16:57:40 vmi2858748 npm[139165]: WebSocket connected for ETC/USDT
Oct 21 16:57:40 vmi2858748 npm[139165]: WebSocket connected for THETA/USDT
Oct 21 16:57:40 vmi2858748 npm[139165]: WebSocket connected for ARKM/USDT
Oct 21 16:57:40 vmi2858748 npm[139165]: WebSocket connected for LINK/USDT
Oct 21 16:57:40 vmi2858748 npm[139165]: WebSocket connected for LTC/USDT
Oct 21 16:57:40 vmi2858748 npm[139165]: WebSocket connected for BONK/USDT
Oct 21 16:57:40 vmi2858748 npm[139165]: WebSocket connected for BCH/USDT
Oct 21 16:57:40 vmi2858748 npm[139165]: WebSocket connected for 1000SATS/USDT
Oct 21 16:57:40 vmi2858748 npm[139165]: WebSocket connected for ALGO/USDT
Oct 21 16:57:40 vmi2858748 npm[139165]: WebSocket connected for AVAX/USDT
Oct 21 16:57:40 vmi2858748 npm[139165]: WebSocket connected for AXS/USDT
Oct 21 16:57:40 vmi2858748 npm[139165]: WebSocket connected for FET/USDT
Oct 21 16:57:40 vmi2858748 npm[139165]: WebSocket connected for FIL/USDT
Oct 21 16:57:40 vmi2858748 npm[139165]: WebSocket connected for RAY/USDT
Oct 21 16:57:40 vmi2858748 npm[139165]: WebSocket connected for NEO/USDT
Oct 21 16:57:40 vmi2858748 npm[139165]: WebSocket connected for INJ/USDT
Oct 21 16:57:40 vmi2858748 npm[139165]: WebSocket connected for DOT/USDT
Oct 21 16:57:40 vmi2858748 npm[139165]: WebSocket connected for STX/USDT
Oct 21 16:57:40 vmi2858748 npm[139165]: WebSocket connected for ZIL/USDT
Oct 21 16:57:40 vmi2858748 npm[139165]: WebSocket connected for QTUM/USDT
Oct 21 16:57:40 vmi2858748 npm[139165]: WebSocket connected for MATIC/USDT
Oct 21 16:57:40 vmi2858748 npm[139165]: WebSocket connected for WIF/USDT
Oct 21 16:57:40 vmi2858748 npm[139165]: WebSocket connected for BNB/USDT
Oct 21 16:57:40 vmi2858748 npm[139165]: WebSocket connected for APT/USDT
Oct 21 16:57:40 vmi2858748 npm[139165]: WebSocket connected for FLOKI/USDT
Oct 21 16:57:40 vmi2858748 npm[139165]: WebSocket connected for SHIB/USDT
Oct 21 16:57:40 vmi2858748 npm[139165]: WebSocket connected for GALA/USDT
Oct 21 16:57:40 vmi2858748 npm[139165]: WebSocket connected for XRP/USDT
Oct 21 16:57:40 vmi2858748 npm[139165]: WebSocket connected for ZEC/USDT
Oct 21 16:57:40 vmi2858748 npm[139165]: WebSocket connected for EGLD/USDT
Oct 21 16:57:40 vmi2858748 npm[139165]: WebSocket connected for NEAR/USDT
Oct 21 16:57:40 vmi2858748 npm[139165]: WebSocket connected for ICP/USDT
Oct 21 16:57:40 vmi2858748 npm[139165]: WebSocket connected for DOGE/USDT
Oct 21 16:57:40 vmi2858748 npm[139165]: WebSocket connected for IMX/USDT
Oct 21 16:57:40 vmi2858748 npm[139165]: WebSocket connected for XLM/USDT
Oct 21 16:57:40 vmi2858748 npm[139165]: WebSocket connected for MANA/USDT
Oct 21 16:57:40 vmi2858748 npm[139165]: WebSocket connected for RUNE/USDT
Oct 21 16:57:40 vmi2858748 npm[139165]: WebSocket connected for SEI/USDT
Oct 21 16:57:40 vmi2858748 npm[139165]: WebSocket connected for SOL/USDT
Oct 21 16:57:40 vmi2858748 npm[139165]: WebSocket connected for NEIRO/USDT
Oct 21 16:57:40 vmi2858748 npm[139165]: WebSocket connected for TON/USDT
Oct 21 16:57:40 vmi2858748 npm[139165]: WebSocket connected for WLD/USDT
Oct 21 16:57:40 vmi2858748 npm[139165]: WebSocket connected for DASH/USDT
Oct 21 16:57:40 vmi2858748 npm[139165]: WebSocket connected for ENA/USDT
Oct 21 16:57:40 vmi2858748 npm[139165]: WebSocket connected for JUP/USDT
Oct 21 16:57:40 vmi2858748 npm[139165]: WebSocket connected for LDO/USDT
Oct 21 16:57:40 vmi2858748 npm[139165]: WebSocket connected for VET/USDT
Oct 21 16:57:40 vmi2858748 npm[139165]: WebSocket connected for AAVE/USDT
Oct 21 16:57:40 vmi2858748 npm[139165]: WebSocket connected for TRX/USDT
Oct 21 16:57:40 vmi2858748 npm[139165]: WebSocket connected for OP/USDT
Oct 21 16:57:40 vmi2858748 npm[139165]: WebSocket connected for SUI/USDT
Oct 21 16:57:41 vmi2858748 npm[139165]: [PERF] getActiveTrades() query: 158ms (4 rows)
Oct 21 16:57:41 vmi2858748 npm[139165]: WebSocket connected for S/USDT
Oct 21 16:57:41 vmi2858748 npm[139165]: WebSocket connected for PNUT/USDT
Oct 21 16:57:41 vmi2858748 npm[139165]: WebSocket connected for MKR/USDT
Oct 21 16:57:41 vmi2858748 npm[139165]: WebSocket connected for UNI/USDT
Oct 21 16:57:45 vmi2858748 npm[139165]: ⏳ SHIB/USDT LONG: Price $0.00001038 | TP: $0.00001054 | SL: $0.00000964
Oct 21 16:57:45 vmi2858748 npm[139165]: 🎯 RENDER/USDT: TP HIT at $2.63 (REST check)
Oct 21 16:57:45 vmi2858748 npm[139165]: ⏳ PNUT/USDT LONG: Price $0.1438 | TP: $0.1443 | SL: $0.1319
Oct 21 16:57:45 vmi2858748 npm[139165]: ⏳ NEAR/USDT LONG: Price $2.32 | TP: $2.33 | SL: $2.17
Oct 21 16:57:45 vmi2858748 npm[139165]: ⏳ GALA/USDT LONG: Price $0.0116 | TP: $0.0116 | SL: $0.0108
Oct 21 16:57:45 vmi2858748 npm[139165]: ⏳ DASH/USDT LONG: Price $47.40 | TP: $48.07 | SL: $44.83
Oct 21 16:57:45 vmi2858748 npm[139165]: 🛑 BOME/USDT: SL HIT at $0.001126 (REST check)
Oct 21 16:58:11 vmi2858748 npm[139165]: [PERF] getActiveTrades() query: 20780ms (4 rows)
Oct 21 16:59:51 vmi2858748 npm[139165]: [PERF] getActiveTrades() query: 89450ms (4 rows)

